#! /c/Source/iverilog-install/bin/vvp
:ivl_version "12.0 (devel)" "(s20150603-1539-g2693dd32b)";
:ivl_delay_selection "TYPICAL";
:vpi_time_precision + 0;
:vpi_module "C:\iverilog\lib\ivl\system.vpi";
:vpi_module "C:\iverilog\lib\ivl\vhdl_sys.vpi";
:vpi_module "C:\iverilog\lib\ivl\vhdl_textio.vpi";
:vpi_module "C:\iverilog\lib\ivl\v2005_math.vpi";
:vpi_module "C:\iverilog\lib\ivl\va_math.vpi";
S_0000027324ffb890 .scope module, "div3_tb" "div3_tb" 2 39;
 .timescale 0 0;
v0000027324ff8660_0 .var "i", 3 0;
v0000027324ffbe70_0 .var/i "k", 31 0;
v0000027324ffbf10_0 .net "o", 2 0, v0000027324ffb610_0;  1 drivers
S_0000027324ffbce0 .scope module, "div3_i" "div3" 2 43, 2 1 0, S_0000027324ffb890;
 .timescale 0 0;
    .port_info 0 /INPUT 4 "i";
    .port_info 1 /OUTPUT 3 "o";
v0000027324ff6d90_0 .net "i", 3 0, v0000027324ff8660_0;  1 drivers
v0000027324ffb610_0 .var "o", 2 0;
E_0000027324ffa450 .event anyedge, v0000027324ff6d90_0;
    .scope S_0000027324ffbce0;
T_0 ;
    %wait E_0000027324ffa450;
    %load/vec4 v0000027324ff6d90_0;
    %dup/vec4;
    %pushi/vec4 0, 0, 4;
    %cmp/u;
    %jmp/1 T_0.0, 6;
    %dup/vec4;
    %pushi/vec4 1, 0, 4;
    %cmp/u;
    %jmp/1 T_0.1, 6;
    %dup/vec4;
    %pushi/vec4 2, 0, 4;
    %cmp/u;
    %jmp/1 T_0.2, 6;
    %dup/vec4;
    %pushi/vec4 3, 0, 4;
    %cmp/u;
    %jmp/1 T_0.3, 6;
    %dup/vec4;
    %pushi/vec4 4, 0, 4;
    %cmp/u;
    %jmp/1 T_0.4, 6;
    %dup/vec4;
    %pushi/vec4 5, 0, 4;
    %cmp/u;
    %jmp/1 T_0.5, 6;
    %dup/vec4;
    %pushi/vec4 6, 0, 4;
    %cmp/u;
    %jmp/1 T_0.6, 6;
    %dup/vec4;
    %pushi/vec4 7, 0, 4;
    %cmp/u;
    %jmp/1 T_0.7, 6;
    %dup/vec4;
    %pushi/vec4 8, 0, 4;
    %cmp/u;
    %jmp/1 T_0.8, 6;
    %dup/vec4;
    %pushi/vec4 9, 0, 4;
    %cmp/u;
    %jmp/1 T_0.9, 6;
    %dup/vec4;
    %pushi/vec4 10, 0, 4;
    %cmp/u;
    %jmp/1 T_0.10, 6;
    %dup/vec4;
    %pushi/vec4 11, 0, 4;
    %cmp/u;
    %jmp/1 T_0.11, 6;
    %dup/vec4;
    %pushi/vec4 12, 0, 4;
    %cmp/u;
    %jmp/1 T_0.12, 6;
    %dup/vec4;
    %pushi/vec4 13, 0, 4;
    %cmp/u;
    %jmp/1 T_0.13, 6;
    %dup/vec4;
    %pushi/vec4 14, 0, 4;
    %cmp/u;
    %jmp/1 T_0.14, 6;
    %dup/vec4;
    %pushi/vec4 15, 0, 4;
    %cmp/u;
    %jmp/1 T_0.15, 6;
    %pushi/vec4 0, 0, 3;
    %store/vec4 v0000027324ffb610_0, 0, 3;
    %jmp T_0.17;
T_0.0 ;
    %pushi/vec4 0, 0, 3;
    %store/vec4 v0000027324ffb610_0, 0, 3;
    %jmp T_0.17;
T_0.1 ;
    %pushi/vec4 0, 0, 3;
    %store/vec4 v0000027324ffb610_0, 0, 3;
    %jmp T_0.17;
T_0.2 ;
    %pushi/vec4 0, 0, 3;
    %store/vec4 v0000027324ffb610_0, 0, 3;
    %jmp T_0.17;
T_0.3 ;
    %pushi/vec4 1, 0, 3;
    %store/vec4 v0000027324ffb610_0, 0, 3;
    %jmp T_0.17;
T_0.4 ;
    %pushi/vec4 1, 0, 3;
    %store/vec4 v0000027324ffb610_0, 0, 3;
    %jmp T_0.17;
T_0.5 ;
    %pushi/vec4 1, 0, 3;
    %store/vec4 v0000027324ffb610_0, 0, 3;
    %jmp T_0.17;
T_0.6 ;
    %pushi/vec4 2, 0, 3;
    %store/vec4 v0000027324ffb610_0, 0, 3;
    %jmp T_0.17;
T_0.7 ;
    %pushi/vec4 2, 0, 3;
    %store/vec4 v0000027324ffb610_0, 0, 3;
    %jmp T_0.17;
T_0.8 ;
    %pushi/vec4 2, 0, 3;
    %store/vec4 v0000027324ffb610_0, 0, 3;
    %jmp T_0.17;
T_0.9 ;
    %pushi/vec4 3, 0, 3;
    %store/vec4 v0000027324ffb610_0, 0, 3;
    %jmp T_0.17;
T_0.10 ;
    %pushi/vec4 3, 0, 3;
    %store/vec4 v0000027324ffb610_0, 0, 3;
    %jmp T_0.17;
T_0.11 ;
    %pushi/vec4 3, 0, 3;
    %store/vec4 v0000027324ffb610_0, 0, 3;
    %jmp T_0.17;
T_0.12 ;
    %pushi/vec4 4, 0, 3;
    %store/vec4 v0000027324ffb610_0, 0, 3;
    %jmp T_0.17;
T_0.13 ;
    %pushi/vec4 4, 0, 3;
    %store/vec4 v0000027324ffb610_0, 0, 3;
    %jmp T_0.17;
T_0.14 ;
    %pushi/vec4 4, 0, 3;
    %store/vec4 v0000027324ffb610_0, 0, 3;
    %jmp T_0.17;
T_0.15 ;
    %pushi/vec4 5, 0, 3;
    %store/vec4 v0000027324ffb610_0, 0, 3;
    %jmp T_0.17;
T_0.17 ;
    %pop/vec4 1;
    %jmp T_0;
    .thread T_0, $push;
    .scope S_0000027324ffb890;
T_1 ;
    %vpi_call 2 47 "$display", "Time\011i\011\011o" {0 0 0};
    %vpi_call 2 48 "$monitor", "%0t\011%b(%2d)\011%b(%0d)", $time, v0000027324ff8660_0, v0000027324ff8660_0, v0000027324ffbf10_0, v0000027324ffbf10_0 {0 0 0};
    %pushi/vec4 0, 0, 4;
    %store/vec4 v0000027324ff8660_0, 0, 4;
    %pushi/vec4 1, 0, 32;
    %store/vec4 v0000027324ffbe70_0, 0, 32;
T_1.0 ;
    %load/vec4 v0000027324ffbe70_0;
    %cmpi/s 16, 0, 32;
    %jmp/0xz T_1.1, 5;
    %delay 10, 0;
    %load/vec4 v0000027324ffbe70_0;
    %pad/s 4;
    %store/vec4 v0000027324ff8660_0, 0, 4;
    %load/vec4 v0000027324ffbe70_0;
    %addi 1, 0, 32;
    %store/vec4 v0000027324ffbe70_0, 0, 32;
    %jmp T_1.0;
T_1.1 ;
    %end;
    .thread T_1;
# The file index is used to find the file name in the following table.
:file_names 3;
    "N/A";
    "<interactive>";
    "div3.v";
