#! /c/Source/iverilog-install/bin/vvp
:ivl_version "12.0 (devel)" "(s20150603-1539-g2693dd32b)";
:ivl_delay_selection "TYPICAL";
:vpi_time_precision + 0;
:vpi_module "C:\iverilog\lib\ivl\system.vpi";
:vpi_module "C:\iverilog\lib\ivl\vhdl_sys.vpi";
:vpi_module "C:\iverilog\lib\ivl\vhdl_textio.vpi";
:vpi_module "C:\iverilog\lib\ivl\v2005_math.vpi";
:vpi_module "C:\iverilog\lib\ivl\va_math.vpi";
S_000001a42c07ae30 .scope module, "add2b_tb" "add2b_tb" 2 44;
 .timescale 0 0;
v000001a42c0d4e30_0 .var "carry_in", 0 0;
v000001a42c0d51f0_0 .net "carry_out", 0 0, L_000001a42c0d6a90;  1 drivers
v000001a42c0d47f0_0 .var/i "i", 31 0;
v000001a42c0d44d0_0 .net "suma", 1 0, L_000001a42c0d5d30;  1 drivers
v000001a42c0d5330_0 .var "x", 1 0;
v000001a42c0d4570_0 .var "y", 1 0;
S_000001a42c03d370 .scope module, "add2b_instantiere" "add2b" 2 53, 2 14 0, S_000001a42c07ae30;
 .timescale 0 0;
    .port_info 0 /INPUT 2 "x";
    .port_info 1 /INPUT 2 "y";
    .port_info 2 /INPUT 1 "carry_in";
    .port_info 3 /OUTPUT 2 "suma";
    .port_info 4 /OUTPUT 1 "carry_out";
v000001a42c079a90_0 .net "carry", 0 0, L_000001a42c074c80;  1 drivers
v000001a42c079590_0 .net "carry_in", 0 0, v000001a42c0d4e30_0;  1 drivers
v000001a42c0794f0_0 .net "carry_out", 0 0, L_000001a42c0d6a90;  alias, 1 drivers
v000001a42c0d4a70_0 .net "suma", 1 0, L_000001a42c0d5d30;  alias, 1 drivers
v000001a42c0d4250_0 .net "x", 1 0, v000001a42c0d5330_0;  1 drivers
v000001a42c0d4d90_0 .net "y", 1 0, v000001a42c0d4570_0;  1 drivers
L_000001a42c0d46b0 .part v000001a42c0d5330_0, 0, 1;
L_000001a42c0d5b50 .part v000001a42c0d4570_0, 0, 1;
L_000001a42c0d4430 .part v000001a42c0d5330_0, 1, 1;
L_000001a42c0d5510 .part v000001a42c0d4570_0, 1, 1;
L_000001a42c0d5d30 .concat8 [ 1 1 0 0], L_000001a42c074740, L_000001a42c0d6860;
S_000001a42c03d500 .scope module, "fac1" "fac" 2 26, 2 1 0, S_000001a42c03d370;
 .timescale 0 0;
    .port_info 0 /INPUT 1 "x";
    .port_info 1 /INPUT 1 "y";
    .port_info 2 /INPUT 1 "carry_in";
    .port_info 3 /OUTPUT 1 "z";
    .port_info 4 /OUTPUT 1 "carry_out";
L_000001a42c074900 .functor XOR 1, L_000001a42c0d46b0, L_000001a42c0d5b50, C4<0>, C4<0>;
L_000001a42c074740 .functor XOR 1, L_000001a42c074900, v000001a42c0d4e30_0, C4<0>, C4<0>;
L_000001a42c0747b0 .functor AND 1, L_000001a42c0d46b0, L_000001a42c0d5b50, C4<1>, C4<1>;
L_000001a42c0749e0 .functor AND 1, L_000001a42c0d46b0, v000001a42c0d4e30_0, C4<1>, C4<1>;
L_000001a42c074a50 .functor OR 1, L_000001a42c0747b0, L_000001a42c0749e0, C4<0>, C4<0>;
L_000001a42c074c10 .functor AND 1, L_000001a42c0d5b50, v000001a42c0d4e30_0, C4<1>, C4<1>;
L_000001a42c074c80 .functor OR 1, L_000001a42c074a50, L_000001a42c074c10, C4<0>, C4<0>;
v000001a42c0796d0_0 .net *"_ivl_0", 0 0, L_000001a42c074900;  1 drivers
v000001a42c079810_0 .net *"_ivl_10", 0 0, L_000001a42c074c10;  1 drivers
v000001a42c079b30_0 .net *"_ivl_4", 0 0, L_000001a42c0747b0;  1 drivers
v000001a42c078cd0_0 .net *"_ivl_6", 0 0, L_000001a42c0749e0;  1 drivers
v000001a42c078d70_0 .net *"_ivl_8", 0 0, L_000001a42c074a50;  1 drivers
v000001a42c078eb0_0 .net "carry_in", 0 0, v000001a42c0d4e30_0;  alias, 1 drivers
v000001a42c079130_0 .net "carry_out", 0 0, L_000001a42c074c80;  alias, 1 drivers
v000001a42c0791d0_0 .net "x", 0 0, L_000001a42c0d46b0;  1 drivers
v000001a42c079770_0 .net "y", 0 0, L_000001a42c0d5b50;  1 drivers
v000001a42c078f50_0 .net "z", 0 0, L_000001a42c074740;  1 drivers
S_000001a42c0366a0 .scope module, "fac2" "fac" 2 34, 2 1 0, S_000001a42c03d370;
 .timescale 0 0;
    .port_info 0 /INPUT 1 "x";
    .port_info 1 /INPUT 1 "y";
    .port_info 2 /INPUT 1 "carry_in";
    .port_info 3 /OUTPUT 1 "z";
    .port_info 4 /OUTPUT 1 "carry_out";
L_000001a42c0d6b00 .functor XOR 1, L_000001a42c0d4430, L_000001a42c0d5510, C4<0>, C4<0>;
L_000001a42c0d6860 .functor XOR 1, L_000001a42c0d6b00, L_000001a42c074c80, C4<0>, C4<0>;
L_000001a42c0d6c50 .functor AND 1, L_000001a42c0d4430, L_000001a42c0d5510, C4<1>, C4<1>;
L_000001a42c0d6f60 .functor AND 1, L_000001a42c0d4430, L_000001a42c074c80, C4<1>, C4<1>;
L_000001a42c0d60f0 .functor OR 1, L_000001a42c0d6c50, L_000001a42c0d6f60, C4<0>, C4<0>;
L_000001a42c0d6320 .functor AND 1, L_000001a42c0d5510, L_000001a42c074c80, C4<1>, C4<1>;
L_000001a42c0d6a90 .functor OR 1, L_000001a42c0d60f0, L_000001a42c0d6320, C4<0>, C4<0>;
v000001a42c0798b0_0 .net *"_ivl_0", 0 0, L_000001a42c0d6b00;  1 drivers
v000001a42c079270_0 .net *"_ivl_10", 0 0, L_000001a42c0d6320;  1 drivers
v000001a42c079090_0 .net *"_ivl_4", 0 0, L_000001a42c0d6c50;  1 drivers
v000001a42c079310_0 .net *"_ivl_6", 0 0, L_000001a42c0d6f60;  1 drivers
v000001a42c078c30_0 .net *"_ivl_8", 0 0, L_000001a42c0d60f0;  1 drivers
v000001a42c078ff0_0 .net "carry_in", 0 0, L_000001a42c074c80;  alias, 1 drivers
v000001a42c0793b0_0 .net "carry_out", 0 0, L_000001a42c0d6a90;  alias, 1 drivers
v000001a42c079950_0 .net "x", 0 0, L_000001a42c0d4430;  1 drivers
v000001a42c079450_0 .net "y", 0 0, L_000001a42c0d5510;  1 drivers
v000001a42c0799f0_0 .net "z", 0 0, L_000001a42c0d6860;  1 drivers
    .scope S_000001a42c07ae30;
T_0 ;
    %vpi_call 2 64 "$display", "x y carry_in | suma carry_out" {0 0 0};
    %vpi_call 2 65 "$monitor", "%b %b %b | %b %b", v000001a42c0d5330_0, v000001a42c0d4570_0, v000001a42c0d4e30_0, v000001a42c0d44d0_0, v000001a42c0d51f0_0 {0 0 0};
    %pushi/vec4 0, 0, 32;
    %store/vec4 v000001a42c0d47f0_0, 0, 32;
T_0.0 ;
    %load/vec4 v000001a42c0d47f0_0;
    %cmpi/s 32, 0, 32;
    %jmp/0xz T_0.1, 5;
    %load/vec4 v000001a42c0d47f0_0;
    %pad/s 5;
    %split/vec4 1;
    %store/vec4 v000001a42c0d4e30_0, 0, 1;
    %split/vec4 2;
    %store/vec4 v000001a42c0d4570_0, 0, 2;
    %store/vec4 v000001a42c0d5330_0, 0, 2;
    %delay 20, 0;
    %load/vec4 v000001a42c0d47f0_0;
    %addi 1, 0, 32;
    %store/vec4 v000001a42c0d47f0_0, 0, 32;
    %jmp T_0.0;
T_0.1 ;
    %vpi_call 2 74 "$finish" {0 0 0};
    %end;
    .thread T_0;
# The file index is used to find the file name in the following table.
:file_names 3;
    "N/A";
    "<interactive>";
    "add2b.v";
