#! /c/Source/iverilog-install/bin/vvp
:ivl_version "12.0 (devel)" "(s20150603-1539-g2693dd32b)";
:ivl_delay_selection "TYPICAL";
:vpi_time_precision + 0;
:vpi_module "C:\iverilog\lib\ivl\system.vpi";
:vpi_module "C:\iverilog\lib\ivl\vhdl_sys.vpi";
:vpi_module "C:\iverilog\lib\ivl\vhdl_textio.vpi";
:vpi_module "C:\iverilog\lib\ivl\v2005_math.vpi";
:vpi_module "C:\iverilog\lib\ivl\va_math.vpi";
S_0000023d5f4c62e0 .scope module, "cmp2b_tb" "cmp2b_tb" 2 51;
 .timescale 0 0;
v0000023d5f4c3820_0 .net "eq", 0 0, v0000023d5f477320_0;  1 drivers
v0000023d5f4c38c0_0 .net "gt", 0 0, v0000023d5f476f70_0;  1 drivers
v0000023d5f4c3960_0 .var/i "i", 31 0;
v0000023d5f4c3a00_0 .net "lt", 0 0, v0000023d5f47beb0_0;  1 drivers
v0000023d5f4c3aa0_0 .var "x", 1 0;
v0000023d5f4c3b40_0 .var "y", 1 0;
S_0000023d5f4c6470 .scope module, "cmp2b_instanta" "cmp2b" 2 58, 2 26 0, S_0000023d5f4c62e0;
 .timescale 0 0;
    .port_info 0 /INPUT 2 "x";
    .port_info 1 /INPUT 2 "y";
    .port_info 2 /OUTPUT 1 "eq";
    .port_info 3 /OUTPUT 1 "lt";
    .port_info 4 /OUTPUT 1 "gt";
v0000023d5f477320_0 .var "eq", 0 0;
v0000023d5f476f70_0 .var "gt", 0 0;
v0000023d5f47beb0_0 .var "lt", 0 0;
v0000023d5f4c6600_0 .net "x", 1 0, v0000023d5f4c3aa0_0;  1 drivers
v0000023d5f4c66a0_0 .net "y", 1 0, v0000023d5f4c3b40_0;  1 drivers
E_0000023d5f47b350 .event anyedge, v0000023d5f4c6600_0, v0000023d5f4c66a0_0;
    .scope S_0000023d5f4c6470;
T_0 ;
    %wait E_0000023d5f47b350;
    %pushi/vec4 0, 0, 1;
    %store/vec4 v0000023d5f477320_0, 0, 1;
    %pushi/vec4 0, 0, 1;
    %store/vec4 v0000023d5f47beb0_0, 0, 1;
    %pushi/vec4 0, 0, 1;
    %store/vec4 v0000023d5f476f70_0, 0, 1;
    %load/vec4 v0000023d5f4c6600_0;
    %load/vec4 v0000023d5f4c66a0_0;
    %cmp/e;
    %jmp/0xz  T_0.0, 4;
    %pushi/vec4 1, 0, 1;
    %store/vec4 v0000023d5f477320_0, 0, 1;
    %jmp T_0.1;
T_0.0 ;
    %load/vec4 v0000023d5f4c6600_0;
    %load/vec4 v0000023d5f4c66a0_0;
    %cmp/u;
    %jmp/0xz  T_0.2, 5;
    %pushi/vec4 1, 0, 1;
    %store/vec4 v0000023d5f47beb0_0, 0, 1;
    %jmp T_0.3;
T_0.2 ;
    %pushi/vec4 1, 0, 1;
    %store/vec4 v0000023d5f476f70_0, 0, 1;
T_0.3 ;
T_0.1 ;
    %jmp T_0;
    .thread T_0, $push;
    .scope S_0000023d5f4c62e0;
T_1 ;
    %vpi_call 2 70 "$display", "x y | lt eq gt" {0 0 0};
    %vpi_call 2 71 "$display", "----------------" {0 0 0};
    %vpi_call 2 72 "$monitor", "%d %d | %b %b %b", v0000023d5f4c3aa0_0, v0000023d5f4c3b40_0, v0000023d5f4c3a00_0, v0000023d5f4c3820_0, v0000023d5f4c38c0_0 {0 0 0};
    %pushi/vec4 0, 0, 32;
    %store/vec4 v0000023d5f4c3960_0, 0, 32;
T_1.0 ;
    %load/vec4 v0000023d5f4c3960_0;
    %cmpi/s 16, 0, 32;
    %jmp/0xz T_1.1, 5;
    %load/vec4 v0000023d5f4c3960_0;
    %parti/s 4, 0, 2;
    %split/vec4 2;
    %store/vec4 v0000023d5f4c3b40_0, 0, 2;
    %store/vec4 v0000023d5f4c3aa0_0, 0, 2;
    %delay 10, 0;
    %load/vec4 v0000023d5f4c3960_0;
    %addi 1, 0, 32;
    %store/vec4 v0000023d5f4c3960_0, 0, 32;
    %jmp T_1.0;
T_1.1 ;
    %vpi_call 2 79 "$finish" {0 0 0};
    %end;
    .thread T_1;
# The file index is used to find the file name in the following table.
:file_names 3;
    "N/A";
    "<interactive>";
    "cmp2b.v";
