#! /c/Source/iverilog-install/bin/vvp
:ivl_version "12.0 (devel)" "(s20150603-1539-g2693dd32b)";
:ivl_delay_selection "TYPICAL";
:vpi_time_precision + 0;
:vpi_module "C:\iverilog\lib\ivl\system.vpi";
:vpi_module "C:\iverilog\lib\ivl\vhdl_sys.vpi";
:vpi_module "C:\iverilog\lib\ivl\vhdl_textio.vpi";
:vpi_module "C:\iverilog\lib\ivl\v2005_math.vpi";
:vpi_module "C:\iverilog\lib\ivl\va_math.vpi";
S_000002bb717e5960 .scope module, "fac_tb" "fac_tb" 2 14;
 .timescale 0 0;
v000002bb717e3690_0 .var "carry_in", 0 0;
v000002bb717e3d70_0 .net "carry_out", 0 0, L_000002bb71833df0;  1 drivers
v000002bb717e34b0_0 .var/i "i", 31 0;
v000002bb717e37d0_0 .var "x", 0 0;
v000002bb717e3870_0 .var "y", 0 0;
v000002bb717e41d0_0 .net "z", 0 0, L_000002bb718b6d00;  1 drivers
S_000002bb717e5af0 .scope module, "fac1" "fac" 2 25, 2 1 0, S_000002bb717e5960;
 .timescale 0 0;
    .port_info 0 /INPUT 1 "x";
    .port_info 1 /INPUT 1 "y";
    .port_info 2 /INPUT 1 "carry_in";
    .port_info 3 /OUTPUT 1 "z";
    .port_info 4 /OUTPUT 1 "carry_out";
L_000002bb718b7160 .functor XOR 1, v000002bb717e37d0_0, v000002bb717e3870_0, C4<0>, C4<0>;
L_000002bb718b6d00 .functor XOR 1, L_000002bb718b7160, v000002bb717e3690_0, C4<0>, C4<0>;
L_000002bb71833a00 .functor AND 1, v000002bb717e37d0_0, v000002bb717e3870_0, C4<1>, C4<1>;
L_000002bb71833c30 .functor AND 1, v000002bb717e37d0_0, v000002bb717e3690_0, C4<1>, C4<1>;
L_000002bb71833d80 .functor OR 1, L_000002bb71833a00, L_000002bb71833c30, C4<0>, C4<0>;
L_000002bb71833ed0 .functor AND 1, v000002bb717e3870_0, v000002bb717e3690_0, C4<1>, C4<1>;
L_000002bb71833df0 .functor OR 1, L_000002bb71833d80, L_000002bb71833ed0, C4<0>, C4<0>;
v000002bb717e5c80_0 .net *"_ivl_0", 0 0, L_000002bb718b7160;  1 drivers
v000002bb718b6aa0_0 .net *"_ivl_10", 0 0, L_000002bb71833ed0;  1 drivers
v000002bb717e5d20_0 .net *"_ivl_4", 0 0, L_000002bb71833a00;  1 drivers
v000002bb717e2ec0_0 .net *"_ivl_6", 0 0, L_000002bb71833c30;  1 drivers
v000002bb717e2f60_0 .net *"_ivl_8", 0 0, L_000002bb71833d80;  1 drivers
v000002bb717e3000_0 .net "carry_in", 0 0, v000002bb717e3690_0;  1 drivers
v000002bb717e30a0_0 .net "carry_out", 0 0, L_000002bb71833df0;  alias, 1 drivers
v000002bb717e3140_0 .net "x", 0 0, v000002bb717e37d0_0;  1 drivers
v000002bb717e31e0_0 .net "y", 0 0, v000002bb717e3870_0;  1 drivers
v000002bb717e3280_0 .net "z", 0 0, L_000002bb718b6d00;  alias, 1 drivers
    .scope S_000002bb717e5960;
T_0 ;
    %vpi_call 2 36 "$display", "x - y - carry_in - z - carry_out" {0 0 0};
    %vpi_call 2 37 "$monitor", "%b - %b - %b        - %b - %b", v000002bb717e37d0_0, v000002bb717e3870_0, v000002bb717e3690_0, v000002bb717e41d0_0, v000002bb717e3d70_0 {0 0 0};
    %pushi/vec4 0, 0, 32;
    %store/vec4 v000002bb717e34b0_0, 0, 32;
T_0.0 ;
    %load/vec4 v000002bb717e34b0_0;
    %cmpi/s 8, 0, 32;
    %jmp/0xz T_0.1, 5;
    %load/vec4 v000002bb717e34b0_0;
    %pad/s 3;
    %split/vec4 1;
    %store/vec4 v000002bb717e3690_0, 0, 1;
    %split/vec4 1;
    %store/vec4 v000002bb717e3870_0, 0, 1;
    %store/vec4 v000002bb717e37d0_0, 0, 1;
    %delay 10, 0;
    %load/vec4 v000002bb717e34b0_0;
    %addi 1, 0, 32;
    %store/vec4 v000002bb717e34b0_0, 0, 32;
    %jmp T_0.0;
T_0.1 ;
    %vpi_call 2 44 "$finish" {0 0 0};
    %end;
    .thread T_0;
# The file index is used to find the file name in the following table.
:file_names 3;
    "N/A";
    "<interactive>";
    "fac.v";
