#! /c/Source/iverilog-install/bin/vvp
:ivl_version "12.0 (devel)" "(s20150603-1539-g2693dd32b)";
:ivl_delay_selection "TYPICAL";
:vpi_time_precision + 0;
:vpi_module "C:\iverilog\lib\ivl\system.vpi";
:vpi_module "C:\iverilog\lib\ivl\vhdl_sys.vpi";
:vpi_module "C:\iverilog\lib\ivl\vhdl_textio.vpi";
:vpi_module "C:\iverilog\lib\ivl\v2005_math.vpi";
:vpi_module "C:\iverilog\lib\ivl\va_math.vpi";
S_0000023aa107b0c0 .scope module, "counter_tb" "counter_tb" 2 26;
 .timescale 0 0;
P_0000023aa107b550 .param/l "CLK_PERIOD" 1 2 44, +C4<00000000000000000000000001100100>;
P_0000023aa107b588 .param/l "RST_DURATION" 1 2 56, +C4<00000000000000000000000000000101>;
P_0000023aa107b5c0 .param/l "RUNNING_CYCLES" 1 2 45, +C4<00000000000000000000000000000111>;
v0000023aa107cca0_0 .var "clk", 0 0;
v0000023aa107cd40_0 .var "clr", 0 0;
v0000023aa107cde0_0 .var "count_up", 0 0;
v0000023aa107ce80_0 .net "q", 7 0, v0000023aa107cb60_0;  1 drivers
v0000023aa1076b70_0 .var "rst_b", 0 0;
S_0000023aa107b600 .scope module, "instanta" "counter" 2 34, 2 1 0, S_0000023aa107b0c0;
 .timescale 0 0;
    .port_info 0 /INPUT 1 "clk";
    .port_info 1 /INPUT 1 "rst_b";
    .port_info 2 /INPUT 1 "count_up";
    .port_info 3 /INPUT 1 "clr";
    .port_info 4 /OUTPUT 8 "q";
P_0000023aa10774b0 .param/l "initValue" 0 2 3, C4<11111111>;
P_0000023aa10774e8 .param/l "width" 0 2 2, +C4<00000000000000000000000000001000>;
v0000023aa1077140_0 .net "clk", 0 0, v0000023aa107cca0_0;  1 drivers
v0000023aa107b790_0 .net "clr", 0 0, v0000023aa107cd40_0;  1 drivers
v0000023aa107cac0_0 .net "count_up", 0 0, v0000023aa107cde0_0;  1 drivers
v0000023aa107cb60_0 .var "q", 7 0;
v0000023aa107cc00_0 .net "rst_b", 0 0, v0000023aa1076b70_0;  1 drivers
E_0000023aa0f38570/0 .event negedge, v0000023aa107cc00_0;
E_0000023aa0f38570/1 .event posedge, v0000023aa1077140_0;
E_0000023aa0f38570 .event/or E_0000023aa0f38570/0, E_0000023aa0f38570/1;
    .scope S_0000023aa107b600;
T_0 ;
    %wait E_0000023aa0f38570;
    %load/vec4 v0000023aa107cc00_0;
    %nor/r;
    %flag_set/vec4 8;
    %jmp/0xz  T_0.0, 8;
    %pushi/vec4 255, 0, 8;
    %assign/vec4 v0000023aa107cb60_0, 0;
    %jmp T_0.1;
T_0.0 ;
    %load/vec4 v0000023aa107b790_0;
    %flag_set/vec4 8;
    %jmp/0xz  T_0.2, 8;
    %pushi/vec4 255, 0, 8;
    %assign/vec4 v0000023aa107cb60_0, 0;
    %jmp T_0.3;
T_0.2 ;
    %load/vec4 v0000023aa107cac0_0;
    %flag_set/vec4 8;
    %jmp/0xz  T_0.4, 8;
    %load/vec4 v0000023aa107cb60_0;
    %addi 1, 0, 8;
    %assign/vec4 v0000023aa107cb60_0, 0;
T_0.4 ;
T_0.3 ;
T_0.1 ;
    %jmp T_0;
    .thread T_0;
    .scope S_0000023aa107b0c0;
T_1 ;
    %pushi/vec4 0, 0, 1;
    %store/vec4 v0000023aa107cca0_0, 0, 1;
    %pushi/vec4 14, 0, 32;
T_1.0 %dup/vec4;
    %pushi/vec4 0, 0, 32;
    %cmp/s;
    %jmp/1xz T_1.1, 5;
    %jmp/1 T_1.1, 4;
    %pushi/vec4 1, 0, 32;
    %sub;
    %delay 50, 0;
    %load/vec4 v0000023aa107cca0_0;
    %inv;
    %store/vec4 v0000023aa107cca0_0, 0, 1;
    %jmp T_1.0;
T_1.1 ;
    %pop/vec4 1;
    %end;
    .thread T_1;
    .scope S_0000023aa107b0c0;
T_2 ;
    %pushi/vec4 0, 0, 1;
    %store/vec4 v0000023aa1076b70_0, 0, 1;
    %delay 5, 0;
    %load/vec4 v0000023aa1076b70_0;
    %inv;
    %store/vec4 v0000023aa1076b70_0, 0, 1;
    %end;
    .thread T_2;
    .scope S_0000023aa107b0c0;
T_3 ;
    %vpi_call 2 65 "$display", "clk rst count_up clr q" {0 0 0};
    %vpi_call 2 66 "$monitor", "%b   %b    %b    %b | %h", v0000023aa107cca0_0, v0000023aa1076b70_0, v0000023aa107cde0_0, v0000023aa107cd40_0, v0000023aa107ce80_0 {0 0 0};
    %pushi/vec4 1, 0, 1;
    %store/vec4 v0000023aa107cde0_0, 0, 1;
    %pushi/vec4 0, 0, 1;
    %store/vec4 v0000023aa107cd40_0, 0, 1;
    %delay 200, 0;
    %pushi/vec4 1, 0, 1;
    %store/vec4 v0000023aa107cd40_0, 0, 1;
    %delay 100, 0;
    %pushi/vec4 0, 0, 1;
    %store/vec4 v0000023aa107cd40_0, 0, 1;
    %delay 100, 0;
    %pushi/vec4 0, 0, 1;
    %store/vec4 v0000023aa107cde0_0, 0, 1;
    %delay 100, 0;
    %pushi/vec4 1, 0, 1;
    %store/vec4 v0000023aa107cde0_0, 0, 1;
    %end;
    .thread T_3;
# The file index is used to find the file name in the following table.
:file_names 3;
    "N/A";
    "<interactive>";
    "counter.v";
