#! /c/Source/iverilog-install/bin/vvp
:ivl_version "12.0 (devel)" "(s20150603-1539-g2693dd32b)";
:ivl_delay_selection "TYPICAL";
:vpi_time_precision + 0;
:vpi_module "C:\iverilog\lib\ivl\system.vpi";
:vpi_module "C:\iverilog\lib\ivl\vhdl_sys.vpi";
:vpi_module "C:\iverilog\lib\ivl\vhdl_textio.vpi";
:vpi_module "C:\iverilog\lib\ivl\v2005_math.vpi";
:vpi_module "C:\iverilog\lib\ivl\va_math.vpi";
S_000002c791efd520 .scope module, "tb_mux_2s" "tb_mux_2s" 2 19;
 .timescale 0 0;
v000002c791fff120_0 .var "d0", 3 0;
v000002c791fff3a0_0 .var "d1", 3 0;
v000002c791fffe40_0 .var "d2", 3 0;
v000002c791fff260_0 .var "d3", 3 0;
v000002c791fffc60_0 .var/i "i", 31 0;
v000002c791fff1c0_0 .net "o", 3 0, L_000002c791fffd00;  1 drivers
v000002c791fff580_0 .var "s", 1 0;
S_000002c791efd6b0 .scope module, "mux_2s_inst" "mux_2s" 2 25, 2 1 0, S_000002c791efd520;
 .timescale 0 0;
    .port_info 0 /INPUT 4 "d0";
    .port_info 1 /INPUT 4 "d1";
    .port_info 2 /INPUT 4 "d2";
    .port_info 3 /INPUT 4 "d3";
    .port_info 4 /INPUT 2 "s";
    .port_info 5 /OUTPUT 4 "o";
P_000002c791fa6a10 .param/l "width" 0 2 2, +C4<00000000000000000000000000000100>;
L_000002c792000858 .functor BUFT 1, C4<00>, C4<0>, C4<0>, C4<0>;
v000002c791efbf20_0 .net/2u *"_ivl_0", 1 0, L_000002c792000858;  1 drivers
v000002c791ef7570_0 .net *"_ivl_10", 0 0, L_000002c791fff620;  1 drivers
L_000002c792000930 .functor BUFT 1, C4<11>, C4<0>, C4<0>, C4<0>;
v000002c791ef6b70_0 .net/2u *"_ivl_12", 1 0, L_000002c792000930;  1 drivers
v000002c791ef6c10_0 .net *"_ivl_14", 0 0, L_000002c791fffbc0;  1 drivers
o000002c791fba068 .functor BUFZ 4, C4<zzzz>; HiZ drive
; Elide local net with no drivers, v000002c791ef6cb0_0 name=_ivl_16
v000002c791ef6d50_0 .net *"_ivl_18", 3 0, L_000002c791fffb20;  1 drivers
v000002c791ef6df0_0 .net *"_ivl_2", 0 0, L_000002c791fffee0;  1 drivers
v000002c791ef6e90_0 .net *"_ivl_20", 3 0, L_000002c791fff8a0;  1 drivers
v000002c791ef6f30_0 .net *"_ivl_22", 3 0, L_000002c791fff940;  1 drivers
L_000002c7920008a0 .functor BUFT 1, C4<01>, C4<0>, C4<0>, C4<0>;
v000002c791fff760_0 .net/2u *"_ivl_4", 1 0, L_000002c7920008a0;  1 drivers
v000002c791fff9e0_0 .net *"_ivl_6", 0 0, L_000002c791fff300;  1 drivers
L_000002c7920008e8 .functor BUFT 1, C4<10>, C4<0>, C4<0>, C4<0>;
v000002c791fff800_0 .net/2u *"_ivl_8", 1 0, L_000002c7920008e8;  1 drivers
v000002c791ffff80_0 .net "d0", 3 0, v000002c791fff120_0;  1 drivers
v000002c791fff6c0_0 .net "d1", 3 0, v000002c791fff3a0_0;  1 drivers
v000002c791fff080_0 .net "d2", 3 0, v000002c791fffe40_0;  1 drivers
v000002c791fffa80_0 .net "d3", 3 0, v000002c791fff260_0;  1 drivers
v000002c791fff440_0 .net "o", 3 0, L_000002c791fffd00;  alias, 1 drivers
v000002c791fff4e0_0 .net "s", 1 0, v000002c791fff580_0;  1 drivers
L_000002c791fffee0 .cmp/eq 2, v000002c791fff580_0, L_000002c792000858;
L_000002c791fff300 .cmp/eq 2, v000002c791fff580_0, L_000002c7920008a0;
L_000002c791fff620 .cmp/eq 2, v000002c791fff580_0, L_000002c7920008e8;
L_000002c791fffbc0 .cmp/eq 2, v000002c791fff580_0, L_000002c792000930;
L_000002c791fffb20 .functor MUXZ 4, o000002c791fba068, v000002c791fff260_0, L_000002c791fffbc0, C4<>;
L_000002c791fff8a0 .functor MUXZ 4, L_000002c791fffb20, v000002c791fffe40_0, L_000002c791fff620, C4<>;
L_000002c791fff940 .functor MUXZ 4, L_000002c791fff8a0, v000002c791fff3a0_0, L_000002c791fff300, C4<>;
L_000002c791fffd00 .functor MUXZ 4, L_000002c791fff940, v000002c791fff120_0, L_000002c791fffee0, C4<>;
    .scope S_000002c791efd520;
T_0 ;
    %vpi_call 2 37 "$display", "d0_16\011d1_16\011d2_16\011d3_16\011s_10\011||\011o_16" {0 0 0};
    %vpi_call 2 38 "$monitor", "%h\011%h\011%h\011%h\011%d\011||\011%h", v000002c791fff120_0, v000002c791fff3a0_0, v000002c791fffe40_0, v000002c791fff260_0, v000002c791fff580_0, v000002c791fff1c0_0 {0 0 0};
    %pushi/vec4 1, 0, 4;
    %store/vec4 v000002c791fff120_0, 0, 4;
    %pushi/vec4 2, 0, 4;
    %store/vec4 v000002c791fff3a0_0, 0, 4;
    %pushi/vec4 4, 0, 4;
    %store/vec4 v000002c791fffe40_0, 0, 4;
    %pushi/vec4 8, 0, 4;
    %store/vec4 v000002c791fff260_0, 0, 4;
    %pushi/vec4 0, 0, 32;
    %store/vec4 v000002c791fffc60_0, 0, 32;
T_0.0 ;
    %load/vec4 v000002c791fffc60_0;
    %cmpi/s 4, 0, 32;
    %jmp/0xz T_0.1, 5;
    %load/vec4 v000002c791fffc60_0;
    %parti/s 2, 1, 2;
    %store/vec4 v000002c791fff580_0, 0, 2;
    %delay 10, 0;
    %load/vec4 v000002c791fffc60_0;
    %addi 1, 0, 32;
    %store/vec4 v000002c791fffc60_0, 0, 32;
    %jmp T_0.0;
T_0.1 ;
    %end;
    .thread T_0;
# The file index is used to find the file name in the following table.
:file_names 3;
    "N/A";
    "<interactive>";
    "mux_2s.v";
