--------------------------------------------------------------------------------
Release 14.7 Trace  (lin64)
Copyright (c) 1995-2013 Xilinx, Inc.  All rights reserved.

/opt/Xilinx/14.7/ISE_DS/ISE/bin/lin64/unwrapped/trce -intstyle ise -v 3 -s 5 -n
3 -fastpaths -xml paralel_reg_hex.twx paralel_reg_hex.ncd -o
paralel_reg_hex.twr paralel_reg_hex.pcf -ucf paralel_reg_hex.ucf

Design file:              paralel_reg_hex.ncd
Physical constraint file: paralel_reg_hex.pcf
Device,package,speed:     xc3s500e,fg320,-5 (PRODUCTION 1.27 2013-10-13)
Report level:             verbose report

Environment Variable      Effect 
--------------------      ------ 
NONE                      No environment variables were set
--------------------------------------------------------------------------------

INFO:Timing:2698 - No timing constraints found, doing default enumeration.
INFO:Timing:3412 - To improve timing, see the Timing Closure User Guide (UG612).
INFO:Timing:2752 - To get complete path coverage, use the unconstrained paths 
   option. All paths that are not constrained will be reported in the 
   unconstrained paths section(s) of the report.
INFO:Timing:3339 - The clock-to-out numbers in this timing report are based on 
   a 50 Ohm transmission line loading model.  For the details of this model, 
   and for more information on accounting for different loading conditions, 
   please see the device datasheet.
INFO:Timing:3390 - This architecture does not support a default System Jitter 
   value, please add SYSTEM_JITTER constraint to the UCF to modify the Clock 
   Uncertainty calculation.
INFO:Timing:3389 - This architecture does not support 'Discrete Jitter' and 
   'Phase Error' calculations, these terms will be zero in the Clock 
   Uncertainty calculation.  Please make appropriate modification to 
   SYSTEM_JITTER to account for the unsupported Discrete Jitter and Phase 
   Error.



Data Sheet report:
-----------------
All values displayed in nanoseconds (ns)

Setup/Hold to clock clk
------------+------------+------------+------------------+--------+
            |Max Setup to|Max Hold to |                  | Clock  |
Source      | clk (edge) | clk (edge) |Internal Clock(s) | Phase  |
------------+------------+------------+------------------+--------+
d<0>        |    2.335(R)|    1.224(R)|clk_BUFGP         |   0.000|
d<1>        |    2.327(R)|    1.233(R)|clk_BUFGP         |   0.000|
d<2>        |    2.324(R)|    1.237(R)|clk_BUFGP         |   0.000|
d<3>        |    2.328(R)|    1.231(R)|clk_BUFGP         |   0.000|
load        |   -0.412(R)|    2.806(R)|clk_BUFGP         |   0.000|
------------+------------+------------+------------------+--------+

Clock clk to Pad
------------+------------+------------------+--------+
            | clk (edge) |                  | Clock  |
Destination |   to PAD   |Internal Clock(s) | Phase  |
------------+------------+------------------+--------+
hex<0>      |   11.582(R)|clk_BUFGP         |   0.000|
hex<1>      |   11.485(R)|clk_BUFGP         |   0.000|
hex<2>      |   11.956(R)|clk_BUFGP         |   0.000|
hex<3>      |   11.741(R)|clk_BUFGP         |   0.000|
hex<4>      |   11.707(R)|clk_BUFGP         |   0.000|
hex<5>      |   11.639(R)|clk_BUFGP         |   0.000|
hex<6>      |   11.664(R)|clk_BUFGP         |   0.000|
------------+------------+------------------+--------+


Analysis completed Tue May 28 15:17:07 2019 
--------------------------------------------------------------------------------

Trace Settings:
-------------------------
Trace Settings 

Peak Memory Usage: 347 MB



